0 info it worked if it ends with ok
1 verbose cli [ 'C:\\Program Files (x86)\\nodejs\\\\node.exe',
1 verbose cli   'C:\\Program Files (x86)\\nodejs\\node_modules\\npm\\bin\\npm-cli.js',
1 verbose cli   'install',
1 verbose cli   'expressjs',
1 verbose cli   '--save' ]
2 info using npm@1.4.28
3 info using node@v0.10.33
4 verbose node symlink C:\Program Files (x86)\nodejs\\node.exe
5 warn package.json gadgetedge@1.0.0 No repository field.
6 warn package.json gadgetedge@1.0.0 No README data
7 verbose readDependencies using package.json deps
8 verbose cache add [ 'expressjs', null ]
9 verbose cache add name=undefined spec="expressjs" args=["expressjs",null]
10 verbose parsed url { protocol: null,
10 verbose parsed url   slashes: null,
10 verbose parsed url   auth: null,
10 verbose parsed url   host: null,
10 verbose parsed url   port: null,
10 verbose parsed url   hostname: null,
10 verbose parsed url   hash: null,
10 verbose parsed url   search: null,
10 verbose parsed url   query: null,
10 verbose parsed url   pathname: 'expressjs',
10 verbose parsed url   path: 'expressjs',
10 verbose parsed url   href: 'expressjs' }
11 silly lockFile 641f587e-expressjs expressjs
12 verbose lock expressjs C:\Users\Elliot\AppData\Roaming\npm-cache\641f587e-expressjs.lock
13 silly lockFile 641f587e-expressjs expressjs
14 silly lockFile 641f587e-expressjs expressjs
15 verbose addNamed [ 'expressjs', '' ]
16 verbose addNamed [ null, '*' ]
17 silly lockFile 04250d81-expressjs expressjs@
18 verbose lock expressjs@ C:\Users\Elliot\AppData\Roaming\npm-cache\04250d81-expressjs.lock
19 silly addNameRange { name: 'expressjs', range: '*', hasData: false }
20 verbose request where is /expressjs
21 verbose request registry https://registry.npmjs.org/
22 verbose request id 05f7861dcd3a98c6
23 verbose url raw /expressjs
24 verbose url resolving [ 'https://registry.npmjs.org/', './expressjs' ]
25 verbose url resolved https://registry.npmjs.org/expressjs
26 verbose request where is https://registry.npmjs.org/expressjs
27 info trying registry request attempt 1 at 11:55:10
28 http GET https://registry.npmjs.org/expressjs
29 http 404 https://registry.npmjs.org/expressjs
30 silly registry.get cb [ 404,
30 silly registry.get   { 'content-type': 'application/json',
30 silly registry.get     'cache-control': 'max-age=0',
30 silly registry.get     'content-length': '2',
30 silly registry.get     'accept-ranges': 'bytes',
30 silly registry.get     date: 'Sun, 13 Mar 2016 11:55:17 GMT',
30 silly registry.get     via: '1.1 varnish',
30 silly registry.get     age: '0',
30 silly registry.get     connection: 'keep-alive',
30 silly registry.get     'x-served-by': 'cache-lhr6327-LHR',
30 silly registry.get     'x-cache': 'MISS',
30 silly registry.get     'x-cache-hits': '0',
30 silly registry.get     'x-timer': 'S1457870116.651121,VS0,VE357' } ]
31 silly lockFile 04250d81-expressjs expressjs@
32 silly lockFile 04250d81-expressjs expressjs@
33 error 404 Not Found
33 error 404
33 error 404 'expressjs' is not in the npm registry.
33 error 404 You should bug the author to publish it
33 error 404 It was specified as a dependency of 'gadgetedge'
33 error 404
33 error 404 Note that you can also install from a
33 error 404 tarball, folder, or http url, or git url.
34 error System Windows_NT 6.2.9200
35 error command "C:\\Program Files (x86)\\nodejs\\\\node.exe" "C:\\Program Files (x86)\\nodejs\\node_modules\\npm\\bin\\npm-cli.js" "install" "expressjs" "--save"
36 error cwd d:\Projects\GadgetEdge
37 error node -v v0.10.33
38 error npm -v 1.4.28
39 error code E404
40 verbose exit [ 1, true ]
